<testsuites id="" name="" tests="1" failures="1" skipped="0" errors="0" time="23.894">
<testsuite name="FunctionalTest\functional-weeklyfiledownload.spec.ts" timestamp="1656313357928" hostname="" tests="1" failures="1" skipped="0" time="21.476" errors="0">
<testcase name="Goto maritime-safety-information Notice To Mariner Page to Check The Weekly and Daily File Download Does the Notice to mariner Page url are displayed with page title" classname="[chromium] › FunctionalTest\functional-weeklyfiledownload.spec.ts:33:8 › Goto maritime-safety-information Notice To Mariner Page to Check The Weekly and Daily File Download › Does the Notice to mariner Page url are displayed with page title" time="21.476">
<failure message="functional-weeklyfiledownload.spec.ts:33:8 Does the Notice to mariner Page url are displayed with page title" type="FAILURE">
  [chromium] › FunctionalTest\functional-weeklyfiledownload.spec.ts:33:8 › Goto maritime-safety-information Notice To Mariner Page to Check The Weekly and Daily File Download › Does the Notice to mariner Page url are displayed with page title 

    Error: expect(received).toContain(expected) // indexOf

    Expected substring: "https://localhost:5000/RadioNavigationalWarnings#ukcoastal"
    Received string:    "HTTPS://LOCALHOST:5000/RADIONAVIGATIONALWARNINGS#UKCOASTAL"

      42 |     await notice.checkurl(notice.radioNavigationalWarnings,'RadioNavigationalWarnings','Radio Navigational Warnings')
      43 |     await notice.checkNavareaUrl(notice.navareatab,'RadioNavigationalWarnings','Radio Navigational Warnings - NAVAREA I')
    > 44 |     await notice.checkUkcoastalUrl(notice.ukcoastaltab,'RadioNavigationalWarnings','Radio Navigational Warnings - UK Coastal')
         |     ^
      45 |  })  
      46 |
      47 | });

        at noticetoMarine.checkUkcoastalUrl (C:\Users\Jeegar15426\source\repos\Maritime-Safety-Information\Tests\pageObject\noticetomarine.page.ts:82:76)
        at C:\Users\Jeegar15426\source\repos\Maritime-Safety-Information\Tests\AutoTests\FunctionalTest\functional-weeklyfiledownload.spec.ts:44:5

</failure>
</testcase>
</testsuite>
</testsuites>